
> xrpldash@1.0.0 start
> node src/index.js

(node:1377158) Warning: Setting the NODE_TLS_REJECT_UNAUTHORIZED environment variable to '0' makes TLS connections and HTTPS requests insecure by disabling certificate verification.
(Use `node --trace-warnings ...` to show where the warning was created)
Server running on port 3000
Connected to XRPL at wss://rich-list.info:6005/
Subscribed to transactions
Subscribed to ledger
Received updatePanels: [
  {
    id: 'default-xrp',
    name: 'XRP Monitor',
    currency: 'XRP',
    issuer: null,
    limit: 1
  },
  {
    id: '1763706202410',
    name: 'RLUSD',
    currency: '524C555344000000000000000000000000000000',
    issuer: 'rXUMMaPpZqPutoRszR29jtC8amWq3APkx',
    limit: 2
  },
  {
    id: 'ledger-overview',
    name: 'Ledger Overview',
    currency: '',
    issuer: null,
    limit: 0
  }
]
Received updatePanels: [
  {
    id: 'default-xrp',
    name: 'XRP Monitor',
    currency: 'XRP',
    issuer: null,
    limit: 1
  },
  {
    id: '1763706202410',
    name: 'RLUSD',
    currency: '524C555344000000000000000000000000000000',
    issuer: 'rXUMMaPpZqPutoRszR29jtC8amWq3APkx',
    limit: 2
  },
  {
    id: 'ledger-overview',
    name: 'Ledger Overview',
    currency: '',
    issuer: null,
    limit: 0
  }
]
Ledger 100362329: 0 XRP payments, 0.001237 XRP burned
Fetched ledger transactions: 96
Processed transactions: 96
Sample raw tx: {
  close_time_iso: '2025-11-21T15:43:20Z',
  hash: '04E85DD9BBA0ADE5655BA53AE06024651577C9505020439D578EC54D1601E01E',
  ledger_hash: '272C50D192DB88A5FF566AD589592DD53896E17BAD87537BEA39AD4903BA2D82',
  ledger_index: 100362329,
  meta: {
    AffectedNodes: [ [Object] ],
    TransactionIndex: 95,
    TransactionResult: 'tecUNFUNDED_PAYMENT'
  },
  tx_json: {
    Account: 'rpNTVaL6HRV5nNNY3VKixGeGfc94Gfghap',
    DeliverMax: '100000',
    Destination: 'rHzykWRVdAfEHk6c5fQxyYYHF9waQXN5Dz',
    Fee: '10',
    Flags: 0,
    LastLedgerSequence: 100362347,
    Sequence: 95399658,
    SigningPubKey: '03EA911968634795322E0AE1C97D4378344757C91AAA1A45DEECB054FF60E4AE39',
    TransactionType: 'Payment',
    TxnSignature: '3045022100B70D6D9B3F840FD207A85EA51542FB7CDE821C30D240EC6C4486992F0AB2B03B02202F1FB862E2A85E73054A12B487F4CD8526DCFD1F1151827F7D2A2FEAC2E174E3'
  },
  validated: true
}
Sample processed tx: {
  type: 'Payment',
  account: 'rpNTVaL6HRV5nNNY3VKixGeGfc94Gfghap',
  amount: '0.1 XRP',
  details: 'rHzykWRVdAfEHk6c5fQxyYYHF9waQXN5Dz Fee: 10'
}
Ledger 100362330: 0 XRP payments, 2.001813 XRP burned
Fetched ledger transactions: 104
Processed transactions: 104
Sample raw tx: {
  close_time_iso: '2025-11-21T15:43:21Z',
  hash: '015B66708BE399887DFEA1CD1342FA3F39A5F080B6FA0564A45488370A316597',
  ledger_hash: 'D5291B7CF8B81E9EE2774CBA1A1754E98505ACB6E9E18498A9AE1EC517E3CC17',
  ledger_index: 100362330,
  meta: {
    AffectedNodes: [ [Object], [Object], [Object] ],
    TransactionIndex: 77,
    TransactionResult: 'tecKILLED'
  },
  tx_json: {
    Account: 'rUx4tWE3erRr6iYhGkjS229o7oD22gxn3A',
    Fee: '13',
    Flags: 786432,
    LastLedgerSequence: 100362330,
    Sequence: 0,
    SigningPubKey: 'ED761BAE3A66E5BD98151F8D78D92F77AEC0C27C7E1A51EFA393B9FE4B3F04D806',
    TakerGets: '167771',
    TakerPays: {
      currency: '5852504C7963616E000000000000000000000000',
      issuer: 'rBwoNZCdQZT5qPiozx5VFeA3ippam18WPn',
      value: '1175075.76792749'
    },
    TicketSequence: 99286791,
    TransactionType: 'OfferCreate',
    TxnSignature: '0B5060A59D9F1FDDE8681B2AC735DB539AF1B0782C5AD389C64631698D09224FFE5DF8B1CC4DA6E2D81346E2AE4F764E8150B967F254AE077786C07A2D940C00'
  },
  validated: true
}
Sample processed tx: {
  type: 'OfferCreate',
  account: 'rUx4tWE3erRr6iYhGkjS229o7oD22gxn3A',
  amount: '0.167771 XRP',
  details: ' Fee: 13'
}
Fetched ledger transactions: 104
Processed transactions: 104
Sample raw tx: {
  close_time_iso: '2025-11-21T15:43:21Z',
  hash: '015B66708BE399887DFEA1CD1342FA3F39A5F080B6FA0564A45488370A316597',
  ledger_hash: 'D5291B7CF8B81E9EE2774CBA1A1754E98505ACB6E9E18498A9AE1EC517E3CC17',
  ledger_index: 100362330,
  meta: {
    AffectedNodes: [ [Object], [Object], [Object] ],
    TransactionIndex: 77,
    TransactionResult: 'tecKILLED'
  },
  tx_json: {
    Account: 'rUx4tWE3erRr6iYhGkjS229o7oD22gxn3A',
    Fee: '13',
    Flags: 786432,
    LastLedgerSequence: 100362330,
    Sequence: 0,
    SigningPubKey: 'ED761BAE3A66E5BD98151F8D78D92F77AEC0C27C7E1A51EFA393B9FE4B3F04D806',
    TakerGets: '167771',
    TakerPays: {
      currency: '5852504C7963616E000000000000000000000000',
      issuer: 'rBwoNZCdQZT5qPiozx5VFeA3ippam18WPn',
      value: '1175075.76792749'
    },
    TicketSequence: 99286791,
    TransactionType: 'OfferCreate',
    TxnSignature: '0B5060A59D9F1FDDE8681B2AC735DB539AF1B0782C5AD389C64631698D09224FFE5DF8B1CC4DA6E2D81346E2AE4F764E8150B967F254AE077786C07A2D940C00'
  },
  validated: true
}
Sample processed tx: {
  type: 'OfferCreate',
  account: 'rUx4tWE3erRr6iYhGkjS229o7oD22gxn3A',
  amount: '0.167771 XRP',
  details: ' Fee: 13'
}
Ledger 100362331: 0 XRP payments, 0.072264 XRP burned
Fetched ledger transactions: 106
Processed transactions: 106
Sample raw tx: {
  close_time_iso: '2025-11-21T15:43:22Z',
  hash: '056A52215B6D7CD2EAAF87E3B93C6646C4AC8A0F768BA975C8124510996E32B8',
  ledger_hash: '9C9E8143234BBFC83A2090089EB7166FC06B2503024AF9482F42BE1DB5FF73AB',
  ledger_index: 100362331,
  meta: {
    AffectedNodes: [ [Object], [Object] ],
    TransactionIndex: 92,
    TransactionResult: 'tesSUCCESS',
    delivered_amount: '1'
  },
  tx_json: {
    Account: 'rP6L1szkkuReSSxXxxJ8DuaTq7N6DmCYff',
    DeliverMax: '1',
    Destination: 'rwj9sjRSNfvHTpVVzZ1dHVspY23AFDBT8C',
    Fee: '11',
    Flags: 0,
    LastLedgerSequence: 100362430,
    Sequence: 96523282,
    SigningPubKey: 'ED57FEC3DFB334086EC7B545E2809407CC2E8867719420C6D86F4F376912061DE7',
    TransactionType: 'Payment',
    TxnSignature: '915BA6B8DDDEAFA25E8455BCB266923FEA7F5F904911528DE3FD88474429E4BEED3EA9804E8F37226B1C1A75DA3AD84CBAB8C3A127645F9A1A2CFFED5207CC0B'
  },
  validated: true
}
Sample processed tx: {
  type: 'Payment',
  account: 'rP6L1szkkuReSSxXxxJ8DuaTq7N6DmCYff',
  amount: '0.000001 XRP',
  details: 'rwj9sjRSNfvHTpVVzZ1dHVspY23AFDBT8C Fee: 11'
}
